<?xml version="1.0" encoding="UTF-8"?>
<testng-results ignored="0" total="5" passed="5" failed="0" skipped="0">
  <reporter-output>
  </reporter-output>
  <suite started-at="2020-07-17T13:24:41 CEST" name="zadatak" finished-at="2020-07-17T13:25:01 CEST" duration-ms="20811">
    <groups>
    </groups>
    <test started-at="2020-07-17T13:24:41 CEST" name="HobbyRC" finished-at="2020-07-17T13:25:01 CEST" duration-ms="20811">
      <class name="zadatakHobbyRC.Tests">
        <test-method is-config="true" signature="beforeClass()[pri:0, instance:zadatakHobbyRC.Tests@7692d9cc]" started-at="2020-07-17T13:24:41 CEST" name="beforeClass" finished-at="2020-07-17T13:24:48 CEST" duration-ms="7466" status="PASS">
          <reporter-output>
          </reporter-output>
        </test-method> <!-- beforeClass -->
        <test-method signature="userRegistration(java.lang.String, java.lang.String, java.lang.String, java.lang.String)[pri:0, instance:zadatakHobbyRC.Tests@7692d9cc]" started-at="2020-07-17T13:24:48 CEST" name="userRegistration" finished-at="2020-07-17T13:24:50 CEST" duration-ms="2329" status="PASS">
          <params>
            <param index="0">
              <value>
                <![CDATA[bibsi]]>
              </value>
            </param>
            <param index="1">
              <value>
                <![CDATA[bsibi]]>
              </value>
            </param>
            <param index="2">
              <value>
                <![CDATA[biasdbi@bibsas.com]]>
              </value>
            </param>
            <param index="3">
              <value>
                <![CDATA[biaicibi12]]>
              </value>
            </param>
          </params>
          <reporter-output>
          </reporter-output>
        </test-method> <!-- userRegistration -->
        <test-method signature="newUserRegistrated()[pri:0, instance:zadatakHobbyRC.Tests@7692d9cc]" started-at="2020-07-17T13:24:51 CEST" name="newUserRegistrated" finished-at="2020-07-17T13:24:51 CEST" depends-on-methods="zadatakHobbyRC.Tests.userRegistration" duration-ms="598" status="PASS">
          <reporter-output>
          </reporter-output>
        </test-method> <!-- newUserRegistrated -->
        <test-method signature="logIn()[pri:0, instance:zadatakHobbyRC.Tests@7692d9cc]" started-at="2020-07-17T13:24:51 CEST" name="logIn" finished-at="2020-07-17T13:24:54 CEST" depends-on-methods="zadatakHobbyRC.Tests.newUserRegistrated" duration-ms="2704" status="PASS">
          <reporter-output>
          </reporter-output>
        </test-method> <!-- logIn -->
        <test-method signature="enterUNAndPss(java.lang.String, java.lang.String)[pri:0, instance:zadatakHobbyRC.Tests@7692d9cc]" started-at="2020-07-17T13:24:54 CEST" name="enterUNAndPss" finished-at="2020-07-17T13:24:55 CEST" depends-on-methods="zadatakHobbyRC.Tests.logIn" duration-ms="802" status="PASS">
          <params>
            <param index="0">
              <value>
                <![CDATA[biasdbi@bibsas.com]]>
              </value>
            </param>
            <param index="1">
              <value>
                <![CDATA[biaicibi12]]>
              </value>
            </param>
          </params>
          <reporter-output>
          </reporter-output>
        </test-method> <!-- enterUNAndPss -->
        <test-method signature="search(java.lang.String)[pri:0, instance:zadatakHobbyRC.Tests@7692d9cc]" started-at="2020-07-17T13:24:55 CEST" name="search" finished-at="2020-07-17T13:24:56 CEST" depends-on-methods="zadatakHobbyRC.Tests.enterUNAndPss" duration-ms="1166" status="PASS">
          <params>
            <param index="0">
              <value>
                <![CDATA[watermelon]]>
              </value>
            </param>
          </params>
          <reporter-output>
          </reporter-output>
        </test-method> <!-- search -->
        <test-method is-config="true" signature="afterClass()[pri:0, instance:zadatakHobbyRC.Tests@7692d9cc]" started-at="2020-07-17T13:24:56 CEST" name="afterClass" finished-at="2020-07-17T13:25:01 CEST" duration-ms="5699" status="PASS">
          <reporter-output>
          </reporter-output>
        </test-method> <!-- afterClass -->
      </class> <!-- zadatakHobbyRC.Tests -->
    </test> <!-- HobbyRC -->
  </suite> <!-- zadatak -->
</testng-results>
