<?xml version="1.0" encoding="UTF-8"?>
<!-- Generated by org.testng.reporters.JUnitXMLReporter -->
<testsuite ignored="0" hostname="Ani" failures="0" tests="6" name="Logovanje" time="0.036" errors="0" timestamp="2020-07-16T17:36:11 CEST">
  <testcase classname="vezbaZadatak.Pokretac2" name="@BeforeClass beforeClass" time="-1.594913770979E9">
    <skipped/>
  </testcase> <!-- @BeforeClass beforeClass -->
  <testcase classname="vezbaZadatak.Pokretac2" name="@AfterClass afterClass" time="-1.594913771008E9">
    <skipped/>
  </testcase> <!-- @AfterClass afterClass -->
  <testcase classname="vezbaZadatak.Pokretac" name="registracija" time="0.0">
    <skipped/>
  </testcase> <!-- registracija -->
  <testcase classname="vezbaZadatak.Pokretac" name="registracijaKorisnika" time="0.0">
    <skipped/>
  </testcase> <!-- registracijaKorisnika -->
  <testcase classname="vezbaZadatak.Pokretac" name="potvrdaKorisnika" time="0.0">
    <skipped/>
  </testcase> <!-- potvrdaKorisnika -->
  <testcase classname="vezbaZadatak.Pokretac" name="logOut" time="0.0">
    <skipped/>
  </testcase> <!-- logOut -->
  <testcase classname="vezbaZadatak.Pokretac2" name="logovanje" time="0.0">
    <skipped/>
  </testcase> <!-- logovanje -->
  <testcase classname="vezbaZadatak.Pokretac2" name="unesiKorisnika" time="0.0">
    <skipped/>
  </testcase> <!-- unesiKorisnika -->
</testsuite> <!-- Logovanje -->
