<?xml version="1.0" encoding="UTF-8"?>
<!-- Generated by org.testng.reporters.JUnitXMLReporter -->
<testsuite ignored="0" hostname="Ani" failures="0" tests="5" name="Registracija" time="20.153" errors="0" timestamp="2020-07-17T12:54:50 CEST">
  <testcase classname="vezbaZadatak.Pokretac" name="registracijaKorisnika" time="2.695"/>
  <testcase classname="vezbaZadatak.Pokretac" name="potvrdaKorisnika" time="0.473"/>
  <testcase classname="vezbaZadatak.Pokretac" name="logovanje" time="1.618"/>
  <testcase classname="vezbaZadatak.Pokretac" name="unesiKorisnika" time="0.824"/>
  <testcase classname="vezbaZadatak.Pokretac" name="search" time="1.334"/>
</testsuite> <!-- Registracija -->
