<?xml version="1.0" encoding="UTF-8"?>
<!-- Generated by org.testng.reporters.JUnitXMLReporter -->
<testsuite ignored="0" hostname="Ani" failures="0" tests="5" name="HobbyRC" time="20.811" errors="0" timestamp="2020-07-17T13:25:02 CEST">
  <testcase classname="zadatakHobbyRC.Tests" name="userRegistration" time="2.329"/>
  <testcase classname="zadatakHobbyRC.Tests" name="newUserRegistrated" time="0.598"/>
  <testcase classname="zadatakHobbyRC.Tests" name="logIn" time="2.704"/>
  <testcase classname="zadatakHobbyRC.Tests" name="enterUNAndPss" time="0.802"/>
  <testcase classname="zadatakHobbyRC.Tests" name="search" time="1.166"/>
</testsuite> <!-- HobbyRC -->
